  Store.cpp
C:\Projects\Store\Store\Misc.h(9,19): warning C4244: 'initializing': conversion from 'double' to 'float', possible loss of data
  (compiling source file 'Store.cpp')
  
C:\Projects\Store\Store\Misc.h(17,19): warning C4244: 'initializing': conversion from 'double' to 'float', possible loss of data
  (compiling source file 'Store.cpp')
  
C:\Projects\Store\Store\Misc.h(24,19): warning C4244: 'initializing': conversion from 'double' to 'float', possible loss of data
  (compiling source file 'Store.cpp')
  
C:\Projects\Store\Store\Log.h(51,55): warning C4309: 'argument': truncation of constant value
  (compiling source file 'Store.cpp')
  
C:\Projects\Store\Store\Store.h(143,18): warning C4244: 'initializing': conversion from 'double' to 'float', possible loss of data
  (compiling source file 'Store.cpp')
  
C:\Projects\Store\Store\Store.h(228,16): warning C4244: 'initializing': conversion from 'double' to 'float', possible loss of data
  (compiling source file 'Store.cpp')
  
C:\Projects\Store\Store\Store.h(238,18): warning C4244: 'initializing': conversion from 'float' to 'int', possible loss of data
  (compiling source file 'Store.cpp')
  
C:\Projects\Store\Store\Store.h(325,11): error C2760: syntax error: 'return' was unexpected here; expected 'expression'
  (compiling source file 'Store.cpp')
  
C:\Projects\Store\Store\Store.h(325,28): error C2760: syntax error: ')' was unexpected here; expected ';'
  (compiling source file 'Store.cpp')
  
C:\Projects\Store\Store\Store.h(325,28): error C2760: syntax error: ')' was unexpected here; expected '}'
  (compiling source file 'Store.cpp')
  
C:\Projects\Store\Store\Store.h(362,6): error C2059: syntax error: ')'
  (compiling source file 'Store.cpp')
  
C:\Projects\Store\Store\Store.h(362,7): error C2059: syntax error: ')'
  (compiling source file 'Store.cpp')
  
C:\Projects\Store\Store\Store.h(363,4): error C2059: syntax error: '{'
  (compiling source file 'Store.cpp')
  
C:\Projects\Store\Store\Store.h(363,4): error C2143: syntax error: missing ';' before '{'
  (compiling source file 'Store.cpp')
  
C:\Projects\Store\Store\Store.h(364,29): error C2065: 'item': undeclared identifier
  (compiling source file 'Store.cpp')
  
C:\Projects\Store\Store\Store.h(367,2): error C2059: syntax error: '}'
  (compiling source file 'Store.cpp')
  
C:\Projects\Store\Store\Store.h(367,2): error C2143: syntax error: missing ';' before '}'
  (compiling source file 'Store.cpp')
  
C:\Projects\Store\Store\Store.h(369,58): error C2143: syntax error: missing ';' before '{'
  (compiling source file 'Store.cpp')
  
C:\Projects\Store\Store\Store.h(369,58): error C2447: '{': missing function header (old-style formal list?)
  (compiling source file 'Store.cpp')
  
